INFO: 2016/11/05 17:31:16 trace.go:44: Service starting...
INFO: 2016/11/05 17:33:53 trace.go:44: Service starting...
INFO: 2016/11/05 17:37:53 trace.go:44: Service starting...
INFO: 2016/11/05 17:37:53 trace.go:40: Listening on port 0
INFO: 2016/11/05 17:39:18 trace.go:40: &{Logfile:exchange.log ExchangeServiceConfig:0x10ebaa30}
INFO: 2016/11/05 17:39:18 trace.go:44: Service starting...
INFO: 2016/11/05 17:39:18 trace.go:40: Listening on port 0
INFO: 2016/11/05 17:41:59 trace.go:40: &{Logfile:exchange.log ExchangeServiceConfig:0x10d6aa30}
INFO: 2016/11/05 17:41:59 trace.go:44: Service starting...
INFO: 2016/11/05 17:41:59 trace.go:40: &{Url:http://localhost Port:0}
INFO: 2016/11/05 17:41:59 trace.go:40: Listening on port 0
INFO: 2016/11/05 17:42:20 trace.go:40: &{Logfile:exchange.log ExchangeServiceConfig:0x10e2aa30}
INFO: 2016/11/05 17:42:20 trace.go:44: Service starting...
INFO: 2016/11/05 17:42:20 trace.go:40: &{Url:http://localhost Port:6288}
INFO: 2016/11/05 17:42:20 trace.go:40: Listening on port 6288
INFO: 2016/11/05 17:42:57 trace.go:40: Configuration: &{Logfile:exchange.log ExchangeServiceConfig:0x10d8aa30}
INFO: 2016/11/05 17:42:57 trace.go:44: Service starting...
INFO: 2016/11/05 17:42:57 trace.go:40: Listening on port 6288
INFO: 2016/11/05 17:54:17 trace.go:40: Configuration: &{Logfile:exchange.log ExchangeServiceConfig:0x10d3aa30}
INFO: 2016/11/05 17:54:17 trace.go:44: Service starting...
INFO: 2016/11/05 17:55:04 trace.go:40: Configuration: &{Logfile:exchange.log ExchangeServiceConfig:0x10e4aa30}
INFO: 2016/11/05 17:55:04 trace.go:44: Service starting...
